0 info it worked if it ends with ok
1 verbose cli [ '/usr/local/Cellar/node/5.3.0/bin/node',
1 verbose cli   '/usr/local/bin/npm',
1 verbose cli   'run',
1 verbose cli   'e2e' ]
2 info using npm@3.8.6
3 info using node@v5.3.0
4 verbose run-script [ 'pree2e', 'e2e', 'poste2e' ]
5 info lifecycle angular2-protractor@1.0.0~pree2e: angular2-protractor@1.0.0
6 silly lifecycle angular2-protractor@1.0.0~pree2e: no script for pree2e, continuing
7 info lifecycle angular2-protractor@1.0.0~e2e: angular2-protractor@1.0.0
8 verbose lifecycle angular2-protractor@1.0.0~e2e: unsafe-perm in lifecycle true
9 verbose lifecycle angular2-protractor@1.0.0~e2e: PATH: /usr/local/lib/node_modules/npm/bin/node-gyp-bin:/Users/jquerygeek/Documents/angular 2 test book book/current version/chapter_4/Code/angular2-protractor/node_modules/.bin:/usr/local/Cellar/node/5.3.0/bin:/usr/local/bin:/usr/bin:/bin:/usr/sbin:/sbin
10 verbose lifecycle angular2-protractor@1.0.0~e2e: CWD: /Users/jquerygeek/Documents/angular 2 test book book/current version/chapter_4/Code/angular2-protractor
11 silly lifecycle angular2-protractor@1.0.0~e2e: Args: [ '-c', 'protractor' ]
12 silly lifecycle angular2-protractor@1.0.0~e2e: Returned: code: 1  signal: null
13 info lifecycle angular2-protractor@1.0.0~e2e: Failed to exec e2e script
14 verbose stack Error: angular2-protractor@1.0.0 e2e: `protractor`
14 verbose stack Exit status 1
14 verbose stack     at EventEmitter.<anonymous> (/usr/local/lib/node_modules/npm/lib/utils/lifecycle.js:239:16)
14 verbose stack     at emitTwo (events.js:87:13)
14 verbose stack     at EventEmitter.emit (events.js:172:7)
14 verbose stack     at ChildProcess.<anonymous> (/usr/local/lib/node_modules/npm/lib/utils/spawn.js:24:14)
14 verbose stack     at emitTwo (events.js:87:13)
14 verbose stack     at ChildProcess.emit (events.js:172:7)
14 verbose stack     at maybeClose (internal/child_process.js:818:16)
14 verbose stack     at Process.ChildProcess._handle.onexit (internal/child_process.js:211:5)
15 verbose pkgid angular2-protractor@1.0.0
16 verbose cwd /Users/jquerygeek/Documents/angular 2 test book book/current version/chapter_4/Code/angular2-protractor
17 error Darwin 14.5.0
18 error argv "/usr/local/Cellar/node/5.3.0/bin/node" "/usr/local/bin/npm" "run" "e2e"
19 error node v5.3.0
20 error npm  v3.8.6
21 error code ELIFECYCLE
22 error angular2-protractor@1.0.0 e2e: `protractor`
22 error Exit status 1
23 error Failed at the angular2-protractor@1.0.0 e2e script 'protractor'.
23 error Make sure you have the latest version of node.js and npm installed.
23 error If you do, this is most likely a problem with the angular2-protractor package,
23 error not with npm itself.
23 error Tell the author that this fails on your system:
23 error     protractor
23 error You can get information on how to open an issue for this project with:
23 error     npm bugs angular2-protractor
23 error Or if that isn't available, you can get their info via:
23 error     npm owner ls angular2-protractor
23 error There is likely additional logging output above.
24 verbose exit [ 1, true ]
